[26.10.2021 13:53:19] Connectée à "🍍 Ⲧⲇⲱⲅⲉⲛ#0001. Lancement du script.
[26.10.2021 13:53:19] 1. Vérification des données générales
[26.10.2021 13:53:19] 2. Vérification des données de catégorie
[26.10.2021 13:53:19] 3. Vérification des données de canal de texte
[26.10.2021 13:53:19] 4. Vérification des données du canal vocal
[26.10.2021 13:53:19] 5. Enregistrement des données de guilde dans un fichier
[26.10.2021 13:53:19] 6. Vérification terminée et données sauvegardées
[26.10.2021 13:53:19] 7. Suppression des salons
[26.10.2021 13:53:19] 8. Nouveau nettoyage de guilde terminé
[26.10.2021 13:53:19] 9. Définition des données générales
[26.10.2021 13:53:21] 10. Créations des catégories
[26.10.2021 13:53:27] 11. Créations des canaux de texte
                    
[26.10.2021 13:53:52] 12. Création salons vocaux
[26.10.2021 13:54:02] 13. Terminé!
[26.10.2021 13:58:59] Connectée à "🍍 Ⲧⲇⲱⲅⲉⲛ#0001. Lancement du script.
[26.10.2021 13:58:59] 1. Vérification des données générales
[26.10.2021 13:58:59] 2. Vérification des données de catégorie
[26.10.2021 13:58:59] 3. Vérification des données de canal de texte
[26.10.2021 13:58:59] 4. Vérification des données du canal vocal
[26.10.2021 13:58:59] 5. Enregistrement des données de guilde dans un fichier
[26.10.2021 13:58:59] 6. Vérification terminée et données sauvegardées
[26.10.2021 13:58:59] 7. Suppression des salons
[26.10.2021 13:58:59] 8. Nouveau nettoyage de guilde terminé
[26.10.2021 13:58:59] 9. Définition des données générales
[26.10.2021 13:59:01] 10. Créations des catégories
[26.10.2021 13:59:08] 11. Créations des canaux de texte
                    
[26.10.2021 13:59:45] 12. Création salons vocaux
[26.10.2021 14:00:28] 13. Terminé!
[26.10.2021 14:08:54] Connectée à "🍍 Ⲧⲇⲱⲅⲉⲛ#0001. Lancement du script.
[26.10.2021 14:08:54] 1. Vérification des données générales
[26.10.2021 14:08:54] 2. Vérification des données de catégorie
[26.10.2021 14:08:54] 3. Vérification des données de canal de texte
[26.10.2021 14:08:54] 4. Vérification des données du canal vocal
[26.10.2021 14:08:54] 5. Enregistrement des données de guilde dans un fichier
[26.10.2021 14:08:54] 6. Vérification terminée et données sauvegardées
[26.10.2021 14:08:54] 7. Suppression des salons
[26.10.2021 14:08:54] 8. Nouveau nettoyage de guilde terminé
[26.10.2021 14:08:54] 9. Définition des données générales
[26.10.2021 14:09:19] 10. Créations des catégories
[26.10.2021 14:09:21] 11. Créations des canaux de texte
                    
[26.10.2021 14:09:32] 12. Création salons vocaux
[26.10.2021 14:09:35] 13. Terminé!
[26.10.2021 14:12:26] Connectée à "🍍 Ⲧⲇⲱⲅⲉⲛ#0001. Lancement du script.
[26.10.2021 14:12:26] 1. Vérification des données générales
[26.10.2021 14:12:26] 2. Vérification des données de catégorie
[26.10.2021 14:12:26] 3. Vérification des données de canal de texte
[26.10.2021 14:12:26] 4. Vérification des données du canal vocal
[26.10.2021 14:12:26] 5. Enregistrement des données de guilde dans un fichier
[26.10.2021 14:12:26] 6. Vérification terminée et données sauvegardées
[26.10.2021 14:12:26] 7. Suppression des salons
[26.10.2021 14:12:26] 8. Nouveau nettoyage de guilde terminé
[26.10.2021 14:12:26] 9. Définition des données générales
[26.10.2021 14:12:27] 10. Créations des catégories
[26.10.2021 14:12:29] 11. Créations des canaux de texte
                    
[26.10.2021 14:12:40] 12. Création salons vocaux
[26.10.2021 14:12:43] 13. Terminé!
[26.10.2021 14:17:06] Connectée à "🍍 Ⲧⲇⲱⲅⲉⲛ#0001. Lancement du script.
[26.10.2021 14:17:06] 1. Vérification des données générales
[26.10.2021 14:17:06] 2. Vérification des données de catégorie
[26.10.2021 14:17:06] 3. Vérification des données de canal de texte
[26.10.2021 14:17:06] 4. Vérification des données du canal vocal
[26.10.2021 14:17:06] 5. Enregistrement des données de guilde dans un fichier
[26.10.2021 14:17:06] 6. Vérification terminée et données sauvegardées
[26.10.2021 14:17:06] 7. Suppression des salons
[26.10.2021 14:17:06] 8. Nouveau nettoyage de guilde terminé
[26.10.2021 14:17:06] 9. Définition des données générales
[26.10.2021 14:17:08] 10. Créations des catégories
[26.10.2021 14:17:10] 11. Créations des canaux de texte
                    
[26.10.2021 14:17:21] 12. Création salons vocaux
[26.10.2021 14:17:23] 13. Terminé!
[26.10.2021 14:23:53] Connectée à "🍍 Ⲧⲇⲱⲅⲉⲛ#0001. Lancement du script.
[26.10.2021 14:23:53] 1. Vérification des données générales
[26.10.2021 14:23:53] 2. Vérification des données de catégorie
[26.10.2021 14:23:53] 3. Vérification des données de canal de texte
[26.10.2021 14:23:53] 4. Vérification des données du canal vocal
[26.10.2021 14:23:53] 5. Enregistrement des données de guilde dans un fichier
[26.10.2021 14:23:53] 6. Vérification terminée et données sauvegardées
[26.10.2021 14:23:53] 7. Suppression des salons
[26.10.2021 14:23:53] 8. Nouveau nettoyage de guilde terminé
[26.10.2021 14:23:53] 9. Définition des données générales
[26.10.2021 14:23:56] 10. Créations des catégories
[26.10.2021 14:24:02] 11. Créations des canaux de texte
                    
[26.10.2021 14:24:34] 12. Création salons vocaux
[26.10.2021 14:24:43] 13. Terminé!
[26.10.2021 14:28:28] Connectée à "🍍 Ⲧⲇⲱⲅⲉⲛ#0001. Lancement du script.
[26.10.2021 14:28:28] 1. Vérification des données générales
[26.10.2021 14:28:28] 2. Vérification des données de catégorie
[26.10.2021 14:28:28] 3. Vérification des données de canal de texte
[26.10.2021 14:28:28] 4. Vérification des données du canal vocal
[26.10.2021 14:28:28] 5. Enregistrement des données de guilde dans un fichier
[26.10.2021 14:28:28] 6. Vérification terminée et données sauvegardées
[26.10.2021 14:28:28] 7. Suppression des salons
[26.10.2021 14:28:28] 8. Nouveau nettoyage de guilde terminé
[26.10.2021 14:28:28] 9. Définition des données générales
[26.10.2021 14:28:30] 10. Créations des catégories
[26.10.2021 14:28:34] 11. Créations des canaux de texte
                    
[26.10.2021 14:28:44] 12. Création salons vocaux
[26.10.2021 14:28:54] 13. Terminé!
